<?xml version="1.0" encoding="UTF-8"?>
<testsuite name="com.lfa.tf.StatesBuilderTest" tests="2" skipped="0" failures="0" errors="0" timestamp="2019-06-15T03:35:38" hostname="deivid-ilegra" time="0.008">
  <properties/>
  <testcase name="generateAllStatesTest" classname="com.lfa.tf.StatesBuilderTest" time="0.007"/>
  <testcase name="generateAllFinalStatesTest" classname="com.lfa.tf.StatesBuilderTest" time="0.001"/>
  <system-out><![CDATA[]]></system-out>
  <system-err><![CDATA[]]></system-err>
</testsuite>
