<?xml version="1.0" encoding="UTF-8"?>
<testsuite name="com.lfa.tf.ValidatorTest" tests="1" skipped="0" failures="0" errors="0" timestamp="2019-06-15T03:35:38" hostname="deivid-ilegra" time="0.013">
  <properties/>
  <testcase name="validateWord" classname="com.lfa.tf.ValidatorTest" time="0.013"/>
  <system-out><![CDATA[]]></system-out>
  <system-err><![CDATA[]]></system-err>
</testsuite>
